CRITICAL - 2021-08-13 01:35:44 --> session_start(): A session had already been started - ignoring
#0 [internal function]: CodeIgniter\Debug\Exceptions->errorHandler(8, 'session_start()...', 'F:\\xampp\\htdocs...', 159, Array)
#1 F:\xampp\htdocs\thewayshop\app\Views\admin\_Layout.php(159): session_start()
#2 F:\xampp\htdocs\thewayshop\system\View\View.php(230): include('F:\\xampp\\htdocs...')
#3 F:\xampp\htdocs\thewayshop\system\View\View.php(232): CodeIgniter\View\View->CodeIgniter\View\{closure}()
#4 F:\xampp\htdocs\thewayshop\system\View\View.php(246): CodeIgniter\View\View->render('admin/_Layout', Array, true)
#5 F:\xampp\htdocs\thewayshop\system\Common.php(1250): CodeIgniter\View\View->render('admin/dashboard', Array, true)
#6 F:\xampp\htdocs\thewayshop\app\Controllers\Admin\Dashboard.php(10): view('admin/dashboard')
#7 F:\xampp\htdocs\thewayshop\system\CodeIgniter.php(931): App\Controllers\Admin\Dashboard->index()
#8 F:\xampp\htdocs\thewayshop\system\CodeIgniter.php(439): CodeIgniter\CodeIgniter->runController(Object(App\Controllers\Admin\Dashboard))
#9 F:\xampp\htdocs\thewayshop\system\CodeIgniter.php(339): CodeIgniter\CodeIgniter->handleRequest(NULL, Object(Config\Cache), false)
#10 F:\xampp\htdocs\thewayshop\public\index.php(36): CodeIgniter\CodeIgniter->run()
#11 {main}
CRITICAL - 2021-08-13 01:37:47 --> Undefined variable: user
#0 F:\xampp\htdocs\thewayshop\app\Views\admin\account\index.php(28): CodeIgniter\Debug\Exceptions->errorHandler(8, 'Undefined varia...', 'F:\\xampp\\htdocs...', 28, Array)
#1 F:\xampp\htdocs\thewayshop\system\View\View.php(230): include('F:\\xampp\\htdocs...')
#2 F:\xampp\htdocs\thewayshop\system\View\View.php(232): CodeIgniter\View\View->CodeIgniter\View\{closure}()
#3 F:\xampp\htdocs\thewayshop\system\Common.php(1250): CodeIgniter\View\View->render('admin/account/i...', Array, true)
#4 F:\xampp\htdocs\thewayshop\app\Controllers\Admin\Account.php(10): view('admin/account/i...')
#5 F:\xampp\htdocs\thewayshop\system\CodeIgniter.php(931): App\Controllers\Admin\Account->index()
#6 F:\xampp\htdocs\thewayshop\system\CodeIgniter.php(439): CodeIgniter\CodeIgniter->runController(Object(App\Controllers\Admin\Account))
#7 F:\xampp\htdocs\thewayshop\system\CodeIgniter.php(339): CodeIgniter\CodeIgniter->handleRequest(NULL, Object(Config\Cache), false)
#8 F:\xampp\htdocs\thewayshop\public\index.php(36): CodeIgniter\CodeIgniter->run()
#9 {main}
CRITICAL - 2021-08-13 01:39:25 --> syntax error, unexpected '}', expecting ';'
#0 F:\xampp\htdocs\thewayshop\system\Router\Router.php(169): CodeIgniter\Router\Router->autoRoute('Admin/login')
#1 F:\xampp\htdocs\thewayshop\system\CodeIgniter.php(812): CodeIgniter\Router\Router->handle('Admin/login')
#2 F:\xampp\htdocs\thewayshop\system\CodeIgniter.php(392): CodeIgniter\CodeIgniter->tryToRouteIt(Object(CodeIgniter\Router\RouteCollection))
#3 F:\xampp\htdocs\thewayshop\system\CodeIgniter.php(339): CodeIgniter\CodeIgniter->handleRequest(NULL, Object(Config\Cache), false)
#4 F:\xampp\htdocs\thewayshop\public\index.php(36): CodeIgniter\CodeIgniter->run()
#5 {main}
CRITICAL - 2021-08-13 05:36:45 --> session_start(): A session had already been started - ignoring
#0 [internal function]: CodeIgniter\Debug\Exceptions->errorHandler(8, 'session_start()...', 'F:\\xampp\\htdocs...', 151, Array)
#1 F:\xampp\htdocs\thewayshop\app\Views\admin\_Layout.php(151): session_start()
#2 F:\xampp\htdocs\thewayshop\system\View\View.php(230): include('F:\\xampp\\htdocs...')
#3 F:\xampp\htdocs\thewayshop\system\View\View.php(232): CodeIgniter\View\View->CodeIgniter\View\{closure}()
#4 F:\xampp\htdocs\thewayshop\system\View\View.php(246): CodeIgniter\View\View->render('admin/_Layout', Array, true)
#5 F:\xampp\htdocs\thewayshop\system\Common.php(1250): CodeIgniter\View\View->render('admin/dashboard', Array, true)
#6 F:\xampp\htdocs\thewayshop\app\Controllers\Admin\Dashboard.php(10): view('admin/dashboard')
#7 F:\xampp\htdocs\thewayshop\system\CodeIgniter.php(931): App\Controllers\Admin\Dashboard->index()
#8 F:\xampp\htdocs\thewayshop\system\CodeIgniter.php(439): CodeIgniter\CodeIgniter->runController(Object(App\Controllers\Admin\Dashboard))
#9 F:\xampp\htdocs\thewayshop\system\CodeIgniter.php(339): CodeIgniter\CodeIgniter->handleRequest(NULL, Object(Config\Cache), false)
#10 F:\xampp\htdocs\thewayshop\public\index.php(36): CodeIgniter\CodeIgniter->run()
#11 {main}
CRITICAL - 2021-08-13 05:37:35 --> session_start(): A session had already been started - ignoring
#0 [internal function]: CodeIgniter\Debug\Exceptions->errorHandler(8, 'session_start()...', 'F:\\xampp\\htdocs...', 151, Array)
#1 F:\xampp\htdocs\thewayshop\app\Views\admin\_Layout.php(151): session_start()
#2 F:\xampp\htdocs\thewayshop\system\View\View.php(230): include('F:\\xampp\\htdocs...')
#3 F:\xampp\htdocs\thewayshop\system\View\View.php(232): CodeIgniter\View\View->CodeIgniter\View\{closure}()
#4 F:\xampp\htdocs\thewayshop\system\View\View.php(246): CodeIgniter\View\View->render('admin/_Layout', Array, true)
#5 F:\xampp\htdocs\thewayshop\system\Common.php(1250): CodeIgniter\View\View->render('admin/dashboard', Array, true)
#6 F:\xampp\htdocs\thewayshop\app\Controllers\Admin\Dashboard.php(10): view('admin/dashboard')
#7 F:\xampp\htdocs\thewayshop\system\CodeIgniter.php(931): App\Controllers\Admin\Dashboard->index()
#8 F:\xampp\htdocs\thewayshop\system\CodeIgniter.php(439): CodeIgniter\CodeIgniter->runController(Object(App\Controllers\Admin\Dashboard))
#9 F:\xampp\htdocs\thewayshop\system\CodeIgniter.php(339): CodeIgniter\CodeIgniter->handleRequest(NULL, Object(Config\Cache), false)
#10 F:\xampp\htdocs\thewayshop\public\index.php(36): CodeIgniter\CodeIgniter->run()
#11 {main}
CRITICAL - 2021-08-13 05:37:37 --> session_start(): A session had already been started - ignoring
#0 [internal function]: CodeIgniter\Debug\Exceptions->errorHandler(8, 'session_start()...', 'F:\\xampp\\htdocs...', 151, Array)
#1 F:\xampp\htdocs\thewayshop\app\Views\admin\_Layout.php(151): session_start()
#2 F:\xampp\htdocs\thewayshop\system\View\View.php(230): include('F:\\xampp\\htdocs...')
#3 F:\xampp\htdocs\thewayshop\system\View\View.php(232): CodeIgniter\View\View->CodeIgniter\View\{closure}()
#4 F:\xampp\htdocs\thewayshop\system\View\View.php(246): CodeIgniter\View\View->render('admin/_Layout', Array, true)
#5 F:\xampp\htdocs\thewayshop\system\Common.php(1250): CodeIgniter\View\View->render('admin/dashboard', Array, true)
#6 F:\xampp\htdocs\thewayshop\app\Controllers\Admin\Dashboard.php(10): view('admin/dashboard')
#7 F:\xampp\htdocs\thewayshop\system\CodeIgniter.php(931): App\Controllers\Admin\Dashboard->index()
#8 F:\xampp\htdocs\thewayshop\system\CodeIgniter.php(439): CodeIgniter\CodeIgniter->runController(Object(App\Controllers\Admin\Dashboard))
#9 F:\xampp\htdocs\thewayshop\system\CodeIgniter.php(339): CodeIgniter\CodeIgniter->handleRequest(NULL, Object(Config\Cache), false)
#10 F:\xampp\htdocs\thewayshop\public\index.php(36): CodeIgniter\CodeIgniter->run()
#11 {main}
CRITICAL - 2021-08-13 05:37:43 --> Undefined index: user
#0 F:\xampp\htdocs\thewayshop\app\Views\admin\_Layout.php(151): CodeIgniter\Debug\Exceptions->errorHandler(8, 'Undefined index...', 'F:\\xampp\\htdocs...', 151, Array)
#1 F:\xampp\htdocs\thewayshop\system\View\View.php(230): include('F:\\xampp\\htdocs...')
#2 F:\xampp\htdocs\thewayshop\system\View\View.php(232): CodeIgniter\View\View->CodeIgniter\View\{closure}()
#3 F:\xampp\htdocs\thewayshop\system\View\View.php(246): CodeIgniter\View\View->render('admin/_Layout', Array, true)
#4 F:\xampp\htdocs\thewayshop\system\Common.php(1250): CodeIgniter\View\View->render('admin/dashboard', Array, true)
#5 F:\xampp\htdocs\thewayshop\app\Controllers\Admin\Dashboard.php(10): view('admin/dashboard')
#6 F:\xampp\htdocs\thewayshop\system\CodeIgniter.php(931): App\Controllers\Admin\Dashboard->index()
#7 F:\xampp\htdocs\thewayshop\system\CodeIgniter.php(439): CodeIgniter\CodeIgniter->runController(Object(App\Controllers\Admin\Dashboard))
#8 F:\xampp\htdocs\thewayshop\system\CodeIgniter.php(339): CodeIgniter\CodeIgniter->handleRequest(NULL, Object(Config\Cache), false)
#9 F:\xampp\htdocs\thewayshop\public\index.php(36): CodeIgniter\CodeIgniter->run()
#10 {main}
CRITICAL - 2021-08-13 05:38:16 --> Undefined index: user
#0 F:\xampp\htdocs\thewayshop\app\Views\admin\_Layout.php(153): CodeIgniter\Debug\Exceptions->errorHandler(8, 'Undefined index...', 'F:\\xampp\\htdocs...', 153, Array)
#1 F:\xampp\htdocs\thewayshop\system\View\View.php(230): include('F:\\xampp\\htdocs...')
#2 F:\xampp\htdocs\thewayshop\system\View\View.php(232): CodeIgniter\View\View->CodeIgniter\View\{closure}()
#3 F:\xampp\htdocs\thewayshop\system\View\View.php(246): CodeIgniter\View\View->render('admin/_Layout', Array, true)
#4 F:\xampp\htdocs\thewayshop\system\Common.php(1250): CodeIgniter\View\View->render('admin/dashboard', Array, true)
#5 F:\xampp\htdocs\thewayshop\app\Controllers\Admin\Dashboard.php(10): view('admin/dashboard')
#6 F:\xampp\htdocs\thewayshop\system\CodeIgniter.php(931): App\Controllers\Admin\Dashboard->index()
#7 F:\xampp\htdocs\thewayshop\system\CodeIgniter.php(439): CodeIgniter\CodeIgniter->runController(Object(App\Controllers\Admin\Dashboard))
#8 F:\xampp\htdocs\thewayshop\system\CodeIgniter.php(339): CodeIgniter\CodeIgniter->handleRequest(NULL, Object(Config\Cache), false)
#9 F:\xampp\htdocs\thewayshop\public\index.php(36): CodeIgniter\CodeIgniter->run()
#10 {main}
CRITICAL - 2021-08-13 05:38:38 --> Undefined variable: title
#0 F:\xampp\htdocs\thewayshop\app\Views\admin\_Layout.php(268): CodeIgniter\Debug\Exceptions->errorHandler(8, 'Undefined varia...', 'F:\\xampp\\htdocs...', 268, Array)
#1 F:\xampp\htdocs\thewayshop\system\View\View.php(230): include('F:\\xampp\\htdocs...')
#2 F:\xampp\htdocs\thewayshop\system\View\View.php(232): CodeIgniter\View\View->CodeIgniter\View\{closure}()
#3 F:\xampp\htdocs\thewayshop\system\View\View.php(246): CodeIgniter\View\View->render('admin/_Layout', Array, true)
#4 F:\xampp\htdocs\thewayshop\system\Common.php(1250): CodeIgniter\View\View->render('admin/dashboard', Array, true)
#5 F:\xampp\htdocs\thewayshop\app\Controllers\Admin\Dashboard.php(10): view('admin/dashboard')
#6 F:\xampp\htdocs\thewayshop\system\CodeIgniter.php(931): App\Controllers\Admin\Dashboard->index()
#7 F:\xampp\htdocs\thewayshop\system\CodeIgniter.php(439): CodeIgniter\CodeIgniter->runController(Object(App\Controllers\Admin\Dashboard))
#8 F:\xampp\htdocs\thewayshop\system\CodeIgniter.php(339): CodeIgniter\CodeIgniter->handleRequest(NULL, Object(Config\Cache), false)
#9 F:\xampp\htdocs\thewayshop\public\index.php(36): CodeIgniter\CodeIgniter->run()
#10 {main}
CRITICAL - 2021-08-13 05:43:35 --> Undefined variable: user
#0 F:\xampp\htdocs\thewayshop\app\Views\admin\account\index.php(28): CodeIgniter\Debug\Exceptions->errorHandler(8, 'Undefined varia...', 'F:\\xampp\\htdocs...', 28, Array)
#1 F:\xampp\htdocs\thewayshop\system\View\View.php(230): include('F:\\xampp\\htdocs...')
#2 F:\xampp\htdocs\thewayshop\system\View\View.php(232): CodeIgniter\View\View->CodeIgniter\View\{closure}()
#3 F:\xampp\htdocs\thewayshop\system\Common.php(1250): CodeIgniter\View\View->render('admin/account/i...', Array, true)
#4 F:\xampp\htdocs\thewayshop\app\Controllers\Admin\Account.php(10): view('admin/account/i...')
#5 F:\xampp\htdocs\thewayshop\system\CodeIgniter.php(931): App\Controllers\Admin\Account->index()
#6 F:\xampp\htdocs\thewayshop\system\CodeIgniter.php(439): CodeIgniter\CodeIgniter->runController(Object(App\Controllers\Admin\Account))
#7 F:\xampp\htdocs\thewayshop\system\CodeIgniter.php(339): CodeIgniter\CodeIgniter->handleRequest(NULL, Object(Config\Cache), false)
#8 F:\xampp\htdocs\thewayshop\public\index.php(36): CodeIgniter\CodeIgniter->run()
#9 {main}
CRITICAL - 2021-08-13 05:48:56 --> Undefined variable: user
#0 F:\xampp\htdocs\thewayshop\app\Views\admin\account\index.php(28): CodeIgniter\Debug\Exceptions->errorHandler(8, 'Undefined varia...', 'F:\\xampp\\htdocs...', 28, Array)
#1 F:\xampp\htdocs\thewayshop\system\View\View.php(230): include('F:\\xampp\\htdocs...')
#2 F:\xampp\htdocs\thewayshop\system\View\View.php(232): CodeIgniter\View\View->CodeIgniter\View\{closure}()
#3 F:\xampp\htdocs\thewayshop\system\Common.php(1250): CodeIgniter\View\View->render('admin/account/i...', Array, true)
#4 F:\xampp\htdocs\thewayshop\app\Controllers\Admin\Account.php(10): view('admin/account/i...')
#5 F:\xampp\htdocs\thewayshop\system\CodeIgniter.php(931): App\Controllers\Admin\Account->index()
#6 F:\xampp\htdocs\thewayshop\system\CodeIgniter.php(439): CodeIgniter\CodeIgniter->runController(Object(App\Controllers\Admin\Account))
#7 F:\xampp\htdocs\thewayshop\system\CodeIgniter.php(339): CodeIgniter\CodeIgniter->handleRequest(NULL, Object(Config\Cache), false)
#8 F:\xampp\htdocs\thewayshop\public\index.php(36): CodeIgniter\CodeIgniter->run()
#9 {main}
CRITICAL - 2021-08-13 05:53:28 --> Undefined variable: user
#0 F:\xampp\htdocs\thewayshop\app\Views\admin\mailbox.php(20): CodeIgniter\Debug\Exceptions->errorHandler(8, 'Undefined varia...', 'F:\\xampp\\htdocs...', 20, Array)
#1 F:\xampp\htdocs\thewayshop\system\View\View.php(230): include('F:\\xampp\\htdocs...')
#2 F:\xampp\htdocs\thewayshop\system\View\View.php(232): CodeIgniter\View\View->CodeIgniter\View\{closure}()
#3 F:\xampp\htdocs\thewayshop\system\Common.php(1250): CodeIgniter\View\View->render('admin/mailbox', Array, true)
#4 F:\xampp\htdocs\thewayshop\app\Controllers\Admin\Mailbox.php(10): view('admin/mailbox')
#5 F:\xampp\htdocs\thewayshop\system\CodeIgniter.php(931): App\Controllers\Admin\Mailbox->index()
#6 F:\xampp\htdocs\thewayshop\system\CodeIgniter.php(439): CodeIgniter\CodeIgniter->runController(Object(App\Controllers\Admin\Mailbox))
#7 F:\xampp\htdocs\thewayshop\system\CodeIgniter.php(339): CodeIgniter\CodeIgniter->handleRequest(NULL, Object(Config\Cache), false)
#8 F:\xampp\htdocs\thewayshop\public\index.php(36): CodeIgniter\CodeIgniter->run()
#9 {main}
CRITICAL - 2021-08-13 23:05:54 --> Too few arguments to function App\Controllers\Product::index(), 0 passed in F:\xampp\htdocs\thewayshop\system\CodeIgniter.php on line 931 and exactly 1 expected
#0 F:\xampp\htdocs\thewayshop\system\CodeIgniter.php(931): App\Controllers\Product->index()
#1 F:\xampp\htdocs\thewayshop\system\CodeIgniter.php(439): CodeIgniter\CodeIgniter->runController(Object(App\Controllers\Product))
#2 F:\xampp\htdocs\thewayshop\system\CodeIgniter.php(339): CodeIgniter\CodeIgniter->handleRequest(NULL, Object(Config\Cache), false)
#3 F:\xampp\htdocs\thewayshop\public\index.php(36): CodeIgniter\CodeIgniter->run()
#4 {main}
