CRITICAL - 2021-09-11 10:09:21 --> Undefined index: create_on
#0 F:\xampp\htdocs\thewayshop\app\Views\admin\invoice\index.php(33): CodeIgniter\Debug\Exceptions->errorHandler(8, 'Undefined index...', 'F:\\xampp\\htdocs...', 33, Array)
#1 F:\xampp\htdocs\thewayshop\system\View\View.php(230): include('F:\\xampp\\htdocs...')
#2 F:\xampp\htdocs\thewayshop\system\View\View.php(232): CodeIgniter\View\View->CodeIgniter\View\{closure}()
#3 F:\xampp\htdocs\thewayshop\system\Common.php(1250): CodeIgniter\View\View->render('admin/invoice/i...', Array, true)
#4 F:\xampp\htdocs\thewayshop\app\Controllers\Admin\Invoices.php(22): view('admin/invoice/i...', Array)
#5 F:\xampp\htdocs\thewayshop\system\CodeIgniter.php(931): App\Controllers\Admin\Invoices->index()
#6 F:\xampp\htdocs\thewayshop\system\CodeIgniter.php(439): CodeIgniter\CodeIgniter->runController(Object(App\Controllers\Admin\Invoices))
#7 F:\xampp\htdocs\thewayshop\system\CodeIgniter.php(339): CodeIgniter\CodeIgniter->handleRequest(NULL, Object(Config\Cache), false)
#8 F:\xampp\htdocs\thewayshop\public\index.php(36): CodeIgniter\CodeIgniter->run()
#9 {main}
CRITICAL - 2021-09-11 21:08:24 --> unlink(F:\xampp\htdocs\thewayshop\writable\debugbar/debugbar_1631368236.json): No such file or directory
#0 [internal function]: CodeIgniter\Debug\Exceptions->errorHandler(2, 'unlink(F:\\xampp...', 'F:\\xampp\\htdocs...', 78, Array)
#1 F:\xampp\htdocs\thewayshop\system\Debug\Toolbar\Collectors\History.php(78): unlink('F:\\xampp\\htdocs...')
#2 F:\xampp\htdocs\thewayshop\system\Debug\Toolbar.php(480): CodeIgniter\Debug\Toolbar\Collectors\History->setFiles(1631412502, 20)
#3 F:\xampp\htdocs\thewayshop\system\Debug\Toolbar.php(452): CodeIgniter\Debug\Toolbar->format(Array, 'html')
#4 F:\xampp\htdocs\thewayshop\app\Config\Events.php(52): CodeIgniter\Debug\Toolbar->respond()
#5 [internal function]: CodeIgniter\Events\Events::Config\{closure}()
#6 F:\xampp\htdocs\thewayshop\system\Events\Events.php(166): call_user_func(Object(Closure))
#7 F:\xampp\htdocs\thewayshop\system\CodeIgniter.php(319): CodeIgniter\Events\Events::trigger('pre_system')
#8 F:\xampp\htdocs\thewayshop\public\index.php(36): CodeIgniter\CodeIgniter->run()
#9 {main}
