CRITICAL - 2021-08-16 23:11:17 --> syntax error, unexpected 'endforeach' (T_ENDFOREACH), expecting elseif (T_ELSEIF) or else (T_ELSE) or endif (T_ENDIF)
#0 F:\xampp\htdocs\thewayshop\system\View\View.php(232): CodeIgniter\View\View->CodeIgniter\View\{closure}()
#1 F:\xampp\htdocs\thewayshop\system\Common.php(1250): CodeIgniter\View\View->render('client/index', Array, true)
#2 F:\xampp\htdocs\thewayshop\app\Controllers\Home.php(19): view('client/index', Array)
#3 F:\xampp\htdocs\thewayshop\system\CodeIgniter.php(931): App\Controllers\Home->index()
#4 F:\xampp\htdocs\thewayshop\system\CodeIgniter.php(439): CodeIgniter\CodeIgniter->runController(Object(App\Controllers\Home))
#5 F:\xampp\htdocs\thewayshop\system\CodeIgniter.php(339): CodeIgniter\CodeIgniter->handleRequest(NULL, Object(Config\Cache), false)
#6 F:\xampp\htdocs\thewayshop\public\index.php(36): CodeIgniter\CodeIgniter->run()
#7 {main}
CRITICAL - 2021-08-16 23:19:22 --> Invalid argument supplied for foreach()
#0 F:\xampp\htdocs\thewayshop\app\Views\client\_Layout.php(60): CodeIgniter\Debug\Exceptions->errorHandler(2, 'Invalid argumen...', 'F:\\xampp\\htdocs...', 60, Array)
#1 F:\xampp\htdocs\thewayshop\system\View\View.php(230): include('F:\\xampp\\htdocs...')
#2 F:\xampp\htdocs\thewayshop\system\View\View.php(232): CodeIgniter\View\View->CodeIgniter\View\{closure}()
#3 F:\xampp\htdocs\thewayshop\system\View\View.php(246): CodeIgniter\View\View->render('client/_Layout', Array, true)
#4 F:\xampp\htdocs\thewayshop\system\Common.php(1250): CodeIgniter\View\View->render('client/account', Array, true)
#5 F:\xampp\htdocs\thewayshop\app\Controllers\Account.php(8): view('client/account')
#6 F:\xampp\htdocs\thewayshop\system\CodeIgniter.php(931): App\Controllers\Account->index()
#7 F:\xampp\htdocs\thewayshop\system\CodeIgniter.php(439): CodeIgniter\CodeIgniter->runController(Object(App\Controllers\Account))
#8 F:\xampp\htdocs\thewayshop\system\CodeIgniter.php(339): CodeIgniter\CodeIgniter->handleRequest(NULL, Object(Config\Cache), false)
#9 F:\xampp\htdocs\thewayshop\public\index.php(36): CodeIgniter\CodeIgniter->run()
#10 {main}
CRITICAL - 2021-08-16 23:22:07 --> Invalid argument supplied for foreach()
#0 F:\xampp\htdocs\thewayshop\app\Views\client\_Layout.php(60): CodeIgniter\Debug\Exceptions->errorHandler(2, 'Invalid argumen...', 'F:\\xampp\\htdocs...', 60, Array)
#1 F:\xampp\htdocs\thewayshop\system\View\View.php(230): include('F:\\xampp\\htdocs...')
#2 F:\xampp\htdocs\thewayshop\system\View\View.php(232): CodeIgniter\View\View->CodeIgniter\View\{closure}()
#3 F:\xampp\htdocs\thewayshop\system\View\View.php(246): CodeIgniter\View\View->render('client/_Layout', Array, true)
#4 F:\xampp\htdocs\thewayshop\system\Common.php(1250): CodeIgniter\View\View->render('client/account', Array, true)
#5 F:\xampp\htdocs\thewayshop\app\Controllers\Account.php(8): view('client/account')
#6 F:\xampp\htdocs\thewayshop\system\CodeIgniter.php(931): App\Controllers\Account->index()
#7 F:\xampp\htdocs\thewayshop\system\CodeIgniter.php(439): CodeIgniter\CodeIgniter->runController(Object(App\Controllers\Account))
#8 F:\xampp\htdocs\thewayshop\system\CodeIgniter.php(339): CodeIgniter\CodeIgniter->handleRequest(NULL, Object(Config\Cache), false)
#9 F:\xampp\htdocs\thewayshop\public\index.php(36): CodeIgniter\CodeIgniter->run()
#10 {main}
CRITICAL - 2021-08-16 23:22:09 --> Invalid argument supplied for foreach()
#0 F:\xampp\htdocs\thewayshop\app\Views\client\_Layout.php(60): CodeIgniter\Debug\Exceptions->errorHandler(2, 'Invalid argumen...', 'F:\\xampp\\htdocs...', 60, Array)
#1 F:\xampp\htdocs\thewayshop\system\View\View.php(230): include('F:\\xampp\\htdocs...')
#2 F:\xampp\htdocs\thewayshop\system\View\View.php(232): CodeIgniter\View\View->CodeIgniter\View\{closure}()
#3 F:\xampp\htdocs\thewayshop\system\View\View.php(246): CodeIgniter\View\View->render('client/_Layout', Array, true)
#4 F:\xampp\htdocs\thewayshop\system\Common.php(1250): CodeIgniter\View\View->render('client/account', Array, true)
#5 F:\xampp\htdocs\thewayshop\app\Controllers\Account.php(8): view('client/account')
#6 F:\xampp\htdocs\thewayshop\system\CodeIgniter.php(931): App\Controllers\Account->index()
#7 F:\xampp\htdocs\thewayshop\system\CodeIgniter.php(439): CodeIgniter\CodeIgniter->runController(Object(App\Controllers\Account))
#8 F:\xampp\htdocs\thewayshop\system\CodeIgniter.php(339): CodeIgniter\CodeIgniter->handleRequest(NULL, Object(Config\Cache), false)
#9 F:\xampp\htdocs\thewayshop\public\index.php(36): CodeIgniter\CodeIgniter->run()
#10 {main}
CRITICAL - 2021-08-16 23:22:44 --> Invalid argument supplied for foreach()
#0 F:\xampp\htdocs\thewayshop\app\Views\client\_Layout.php(60): CodeIgniter\Debug\Exceptions->errorHandler(2, 'Invalid argumen...', 'F:\\xampp\\htdocs...', 60, Array)
#1 F:\xampp\htdocs\thewayshop\system\View\View.php(230): include('F:\\xampp\\htdocs...')
#2 F:\xampp\htdocs\thewayshop\system\View\View.php(232): CodeIgniter\View\View->CodeIgniter\View\{closure}()
#3 F:\xampp\htdocs\thewayshop\system\View\View.php(246): CodeIgniter\View\View->render('client/_Layout', Array, true)
#4 F:\xampp\htdocs\thewayshop\system\Common.php(1250): CodeIgniter\View\View->render('client/account', Array, true)
#5 F:\xampp\htdocs\thewayshop\app\Controllers\Account.php(8): view('client/account')
#6 F:\xampp\htdocs\thewayshop\system\CodeIgniter.php(931): App\Controllers\Account->index()
#7 F:\xampp\htdocs\thewayshop\system\CodeIgniter.php(439): CodeIgniter\CodeIgniter->runController(Object(App\Controllers\Account))
#8 F:\xampp\htdocs\thewayshop\system\CodeIgniter.php(339): CodeIgniter\CodeIgniter->handleRequest(NULL, Object(Config\Cache), false)
#9 F:\xampp\htdocs\thewayshop\public\index.php(36): CodeIgniter\CodeIgniter->run()
#10 {main}
CRITICAL - 2021-08-16 23:22:47 --> Invalid argument supplied for foreach()
#0 F:\xampp\htdocs\thewayshop\app\Views\client\_Layout.php(60): CodeIgniter\Debug\Exceptions->errorHandler(2, 'Invalid argumen...', 'F:\\xampp\\htdocs...', 60, Array)
#1 F:\xampp\htdocs\thewayshop\system\View\View.php(230): include('F:\\xampp\\htdocs...')
#2 F:\xampp\htdocs\thewayshop\system\View\View.php(232): CodeIgniter\View\View->CodeIgniter\View\{closure}()
#3 F:\xampp\htdocs\thewayshop\system\View\View.php(246): CodeIgniter\View\View->render('client/_Layout', Array, true)
#4 F:\xampp\htdocs\thewayshop\system\Common.php(1250): CodeIgniter\View\View->render('client/account', Array, true)
#5 F:\xampp\htdocs\thewayshop\app\Controllers\Account.php(8): view('client/account')
#6 F:\xampp\htdocs\thewayshop\system\CodeIgniter.php(931): App\Controllers\Account->index()
#7 F:\xampp\htdocs\thewayshop\system\CodeIgniter.php(439): CodeIgniter\CodeIgniter->runController(Object(App\Controllers\Account))
#8 F:\xampp\htdocs\thewayshop\system\CodeIgniter.php(339): CodeIgniter\CodeIgniter->handleRequest(NULL, Object(Config\Cache), false)
#9 F:\xampp\htdocs\thewayshop\public\index.php(36): CodeIgniter\CodeIgniter->run()
#10 {main}
