CRITICAL - 2021-08-14 00:12:08 --> Undefined index: url
#0 F:\xampp\htdocs\thewayshop\app\Views\client\shop-detail.php(28): CodeIgniter\Debug\Exceptions->errorHandler(8, 'Undefined index...', 'F:\\xampp\\htdocs...', 28, Array)
#1 F:\xampp\htdocs\thewayshop\system\View\View.php(230): include('F:\\xampp\\htdocs...')
#2 F:\xampp\htdocs\thewayshop\system\View\View.php(232): CodeIgniter\View\View->CodeIgniter\View\{closure}()
#3 F:\xampp\htdocs\thewayshop\system\Common.php(1250): CodeIgniter\View\View->render('client/shop-det...', Array, true)
#4 F:\xampp\htdocs\thewayshop\app\Controllers\Product.php(22): view('client/shop-det...', Array)
#5 F:\xampp\htdocs\thewayshop\system\CodeIgniter.php(931): App\Controllers\Product->index(7)
#6 F:\xampp\htdocs\thewayshop\system\CodeIgniter.php(439): CodeIgniter\CodeIgniter->runController(Object(App\Controllers\Product))
#7 F:\xampp\htdocs\thewayshop\system\CodeIgniter.php(339): CodeIgniter\CodeIgniter->handleRequest(NULL, Object(Config\Cache), false)
#8 F:\xampp\htdocs\thewayshop\public\index.php(36): CodeIgniter\CodeIgniter->run()
#9 {main}
CRITICAL - 2021-08-14 00:14:22 --> Undefined index: url
#0 F:\xampp\htdocs\thewayshop\app\Views\client\shop-detail.php(46): CodeIgniter\Debug\Exceptions->errorHandler(8, 'Undefined index...', 'F:\\xampp\\htdocs...', 46, Array)
#1 F:\xampp\htdocs\thewayshop\system\View\View.php(230): include('F:\\xampp\\htdocs...')
#2 F:\xampp\htdocs\thewayshop\system\View\View.php(232): CodeIgniter\View\View->CodeIgniter\View\{closure}()
#3 F:\xampp\htdocs\thewayshop\system\Common.php(1250): CodeIgniter\View\View->render('client/shop-det...', Array, true)
#4 F:\xampp\htdocs\thewayshop\app\Controllers\Product.php(22): view('client/shop-det...', Array)
#5 F:\xampp\htdocs\thewayshop\system\CodeIgniter.php(931): App\Controllers\Product->index(7)
#6 F:\xampp\htdocs\thewayshop\system\CodeIgniter.php(439): CodeIgniter\CodeIgniter->runController(Object(App\Controllers\Product))
#7 F:\xampp\htdocs\thewayshop\system\CodeIgniter.php(339): CodeIgniter\CodeIgniter->handleRequest(NULL, Object(Config\Cache), false)
#8 F:\xampp\htdocs\thewayshop\public\index.php(36): CodeIgniter\CodeIgniter->run()
#9 {main}
CRITICAL - 2021-08-14 00:33:24 --> Too few arguments to function App\Controllers\Category::index(), 0 passed in F:\xampp\htdocs\thewayshop\system\CodeIgniter.php on line 931 and exactly 1 expected
#0 F:\xampp\htdocs\thewayshop\system\CodeIgniter.php(931): App\Controllers\Category->index()
#1 F:\xampp\htdocs\thewayshop\system\CodeIgniter.php(439): CodeIgniter\CodeIgniter->runController(Object(App\Controllers\Category))
#2 F:\xampp\htdocs\thewayshop\system\CodeIgniter.php(339): CodeIgniter\CodeIgniter->handleRequest(NULL, Object(Config\Cache), false)
#3 F:\xampp\htdocs\thewayshop\public\index.php(36): CodeIgniter\CodeIgniter->run()
#4 {main}
CRITICAL - 2021-08-14 03:10:48 --> Undefined variable: user
#0 F:\xampp\htdocs\thewayshop\app\Views\admin\mailbox.php(20): CodeIgniter\Debug\Exceptions->errorHandler(8, 'Undefined varia...', 'F:\\xampp\\htdocs...', 20, Array)
#1 F:\xampp\htdocs\thewayshop\system\View\View.php(230): include('F:\\xampp\\htdocs...')
#2 F:\xampp\htdocs\thewayshop\system\View\View.php(232): CodeIgniter\View\View->CodeIgniter\View\{closure}()
#3 F:\xampp\htdocs\thewayshop\system\Common.php(1250): CodeIgniter\View\View->render('admin/mailbox', Array, true)
#4 F:\xampp\htdocs\thewayshop\app\Controllers\Admin\Mailbox.php(10): view('admin/mailbox')
#5 F:\xampp\htdocs\thewayshop\system\CodeIgniter.php(931): App\Controllers\Admin\Mailbox->index()
#6 F:\xampp\htdocs\thewayshop\system\CodeIgniter.php(439): CodeIgniter\CodeIgniter->runController(Object(App\Controllers\Admin\Mailbox))
#7 F:\xampp\htdocs\thewayshop\system\CodeIgniter.php(339): CodeIgniter\CodeIgniter->handleRequest(NULL, Object(Config\Cache), false)
#8 F:\xampp\htdocs\thewayshop\public\index.php(36): CodeIgniter\CodeIgniter->run()
#9 {main}
CRITICAL - 2021-08-14 03:11:01 --> Undefined variable: user
#0 F:\xampp\htdocs\thewayshop\app\Views\admin\account\index.php(28): CodeIgniter\Debug\Exceptions->errorHandler(8, 'Undefined varia...', 'F:\\xampp\\htdocs...', 28, Array)
#1 F:\xampp\htdocs\thewayshop\system\View\View.php(230): include('F:\\xampp\\htdocs...')
#2 F:\xampp\htdocs\thewayshop\system\View\View.php(232): CodeIgniter\View\View->CodeIgniter\View\{closure}()
#3 F:\xampp\htdocs\thewayshop\system\Common.php(1250): CodeIgniter\View\View->render('admin/account/i...', Array, true)
#4 F:\xampp\htdocs\thewayshop\app\Controllers\Admin\Account.php(10): view('admin/account/i...')
#5 F:\xampp\htdocs\thewayshop\system\CodeIgniter.php(931): App\Controllers\Admin\Account->index()
#6 F:\xampp\htdocs\thewayshop\system\CodeIgniter.php(439): CodeIgniter\CodeIgniter->runController(Object(App\Controllers\Admin\Account))
#7 F:\xampp\htdocs\thewayshop\system\CodeIgniter.php(339): CodeIgniter\CodeIgniter->handleRequest(NULL, Object(Config\Cache), false)
#8 F:\xampp\htdocs\thewayshop\public\index.php(36): CodeIgniter\CodeIgniter->run()
#9 {main}
CRITICAL - 2021-08-14 03:12:20 --> Undefined variable: user
#0 F:\xampp\htdocs\thewayshop\app\Views\admin\account\index.php(28): CodeIgniter\Debug\Exceptions->errorHandler(8, 'Undefined varia...', 'F:\\xampp\\htdocs...', 28, Array)
#1 F:\xampp\htdocs\thewayshop\system\View\View.php(230): include('F:\\xampp\\htdocs...')
#2 F:\xampp\htdocs\thewayshop\system\View\View.php(232): CodeIgniter\View\View->CodeIgniter\View\{closure}()
#3 F:\xampp\htdocs\thewayshop\system\Common.php(1250): CodeIgniter\View\View->render('admin/account/i...', Array, true)
#4 F:\xampp\htdocs\thewayshop\app\Controllers\Admin\Account.php(10): view('admin/account/i...')
#5 F:\xampp\htdocs\thewayshop\system\CodeIgniter.php(931): App\Controllers\Admin\Account->index()
#6 F:\xampp\htdocs\thewayshop\system\CodeIgniter.php(439): CodeIgniter\CodeIgniter->runController(Object(App\Controllers\Admin\Account))
#7 F:\xampp\htdocs\thewayshop\system\CodeIgniter.php(339): CodeIgniter\CodeIgniter->handleRequest(NULL, Object(Config\Cache), false)
#8 F:\xampp\htdocs\thewayshop\public\index.php(36): CodeIgniter\CodeIgniter->run()
#9 {main}
CRITICAL - 2021-08-14 03:12:47 --> Undefined variable: supplier
#0 F:\xampp\htdocs\thewayshop\app\Views\admin\supplier\index.php(36): CodeIgniter\Debug\Exceptions->errorHandler(8, 'Undefined varia...', 'F:\\xampp\\htdocs...', 36, Array)
#1 F:\xampp\htdocs\thewayshop\system\View\View.php(230): include('F:\\xampp\\htdocs...')
#2 F:\xampp\htdocs\thewayshop\system\View\View.php(232): CodeIgniter\View\View->CodeIgniter\View\{closure}()
#3 F:\xampp\htdocs\thewayshop\system\Common.php(1250): CodeIgniter\View\View->render('admin/supplier/...', Array, true)
#4 F:\xampp\htdocs\thewayshop\app\Controllers\Admin\Supplier.php(10): view('admin/supplier/...')
#5 F:\xampp\htdocs\thewayshop\system\CodeIgniter.php(931): App\Controllers\Admin\Supplier->index()
#6 F:\xampp\htdocs\thewayshop\system\CodeIgniter.php(439): CodeIgniter\CodeIgniter->runController(Object(App\Controllers\Admin\Supplier))
#7 F:\xampp\htdocs\thewayshop\system\CodeIgniter.php(339): CodeIgniter\CodeIgniter->handleRequest(NULL, Object(Config\Cache), false)
#8 F:\xampp\htdocs\thewayshop\public\index.php(36): CodeIgniter\CodeIgniter->run()
#9 {main}
CRITICAL - 2021-08-14 03:13:10 --> Undefined variable: user
#0 F:\xampp\htdocs\thewayshop\app\Views\admin\account\index.php(28): CodeIgniter\Debug\Exceptions->errorHandler(8, 'Undefined varia...', 'F:\\xampp\\htdocs...', 28, Array)
#1 F:\xampp\htdocs\thewayshop\system\View\View.php(230): include('F:\\xampp\\htdocs...')
#2 F:\xampp\htdocs\thewayshop\system\View\View.php(232): CodeIgniter\View\View->CodeIgniter\View\{closure}()
#3 F:\xampp\htdocs\thewayshop\system\Common.php(1250): CodeIgniter\View\View->render('admin/account/i...', Array, true)
#4 F:\xampp\htdocs\thewayshop\app\Controllers\Admin\Account.php(10): view('admin/account/i...')
#5 F:\xampp\htdocs\thewayshop\system\CodeIgniter.php(931): App\Controllers\Admin\Account->index()
#6 F:\xampp\htdocs\thewayshop\system\CodeIgniter.php(439): CodeIgniter\CodeIgniter->runController(Object(App\Controllers\Admin\Account))
#7 F:\xampp\htdocs\thewayshop\system\CodeIgniter.php(339): CodeIgniter\CodeIgniter->handleRequest(NULL, Object(Config\Cache), false)
#8 F:\xampp\htdocs\thewayshop\public\index.php(36): CodeIgniter\CodeIgniter->run()
#9 {main}
CRITICAL - 2021-08-14 03:14:04 --> Undefined variable: user
#0 F:\xampp\htdocs\thewayshop\app\Views\admin\account\index.php(28): CodeIgniter\Debug\Exceptions->errorHandler(8, 'Undefined varia...', 'F:\\xampp\\htdocs...', 28, Array)
#1 F:\xampp\htdocs\thewayshop\system\View\View.php(230): include('F:\\xampp\\htdocs...')
#2 F:\xampp\htdocs\thewayshop\system\View\View.php(232): CodeIgniter\View\View->CodeIgniter\View\{closure}()
#3 F:\xampp\htdocs\thewayshop\system\Common.php(1250): CodeIgniter\View\View->render('admin/account/i...', Array, true)
#4 F:\xampp\htdocs\thewayshop\app\Controllers\Admin\Account.php(10): view('admin/account/i...')
#5 F:\xampp\htdocs\thewayshop\system\CodeIgniter.php(931): App\Controllers\Admin\Account->index()
#6 F:\xampp\htdocs\thewayshop\system\CodeIgniter.php(439): CodeIgniter\CodeIgniter->runController(Object(App\Controllers\Admin\Account))
#7 F:\xampp\htdocs\thewayshop\system\CodeIgniter.php(339): CodeIgniter\CodeIgniter->handleRequest(NULL, Object(Config\Cache), false)
#8 F:\xampp\htdocs\thewayshop\public\index.php(36): CodeIgniter\CodeIgniter->run()
#9 {main}
ERROR - 2021-08-14 03:48:54 --> Unknown column 'categories_id' in 'where clause'
CRITICAL - 2021-08-14 03:48:54 --> Unknown column 'categories_id' in 'where clause'
#0 F:\xampp\htdocs\thewayshop\system\Database\MySQLi\Connection.php(329): mysqli->query('SELECT COUNT(*)...')
#1 F:\xampp\htdocs\thewayshop\system\Database\BaseConnection.php(732): CodeIgniter\Database\MySQLi\Connection->execute('SELECT COUNT(*)...')
#2 F:\xampp\htdocs\thewayshop\system\Database\BaseConnection.php(647): CodeIgniter\Database\BaseConnection->simpleQuery('SELECT COUNT(*)...')
#3 F:\xampp\htdocs\thewayshop\system\Database\BaseBuilder.php(1981): CodeIgniter\Database\BaseConnection->query('SELECT COUNT(*)...', Array, false)
#4 F:\xampp\htdocs\thewayshop\system\Model.php(561): CodeIgniter\Database\BaseBuilder->countAllResults(true)
#5 F:\xampp\htdocs\thewayshop\app\Models\productModel.php(27): CodeIgniter\Model->countAllResults()
#6 F:\xampp\htdocs\thewayshop\app\Controllers\Category.php(21): App\Models\productModel->getCountProduct(1)
#7 F:\xampp\htdocs\thewayshop\system\CodeIgniter.php(931): App\Controllers\Category->index(1)
#8 F:\xampp\htdocs\thewayshop\system\CodeIgniter.php(439): CodeIgniter\CodeIgniter->runController(Object(App\Controllers\Category))
#9 F:\xampp\htdocs\thewayshop\system\CodeIgniter.php(339): CodeIgniter\CodeIgniter->handleRequest(NULL, Object(Config\Cache), false)
#10 F:\xampp\htdocs\thewayshop\public\index.php(36): CodeIgniter\CodeIgniter->run()
#11 {main}
CRITICAL - 2021-08-14 05:48:02 --> Too few arguments to function App\Controllers\Home::index(), 0 passed in F:\xampp\htdocs\thewayshop\system\CodeIgniter.php on line 931 and exactly 1 expected
#0 F:\xampp\htdocs\thewayshop\system\CodeIgniter.php(931): App\Controllers\Home->index()
#1 F:\xampp\htdocs\thewayshop\system\CodeIgniter.php(439): CodeIgniter\CodeIgniter->runController(Object(App\Controllers\Home))
#2 F:\xampp\htdocs\thewayshop\system\CodeIgniter.php(339): CodeIgniter\CodeIgniter->handleRequest(NULL, Object(Config\Cache), false)
#3 F:\xampp\htdocs\thewayshop\public\index.php(36): CodeIgniter\CodeIgniter->run()
#4 {main}
CRITICAL - 2021-08-14 05:48:06 --> Too few arguments to function App\Controllers\Home::index(), 0 passed in F:\xampp\htdocs\thewayshop\system\CodeIgniter.php on line 931 and exactly 1 expected
#0 F:\xampp\htdocs\thewayshop\system\CodeIgniter.php(931): App\Controllers\Home->index()
#1 F:\xampp\htdocs\thewayshop\system\CodeIgniter.php(439): CodeIgniter\CodeIgniter->runController(Object(App\Controllers\Home))
#2 F:\xampp\htdocs\thewayshop\system\CodeIgniter.php(339): CodeIgniter\CodeIgniter->handleRequest(NULL, Object(Config\Cache), false)
#3 F:\xampp\htdocs\thewayshop\public\index.php(36): CodeIgniter\CodeIgniter->run()
#4 {main}
CRITICAL - 2021-08-14 05:48:09 --> Too few arguments to function App\Controllers\Home::index(), 0 passed in F:\xampp\htdocs\thewayshop\system\CodeIgniter.php on line 931 and exactly 1 expected
#0 F:\xampp\htdocs\thewayshop\system\CodeIgniter.php(931): App\Controllers\Home->index()
#1 F:\xampp\htdocs\thewayshop\system\CodeIgniter.php(439): CodeIgniter\CodeIgniter->runController(Object(App\Controllers\Home))
#2 F:\xampp\htdocs\thewayshop\system\CodeIgniter.php(339): CodeIgniter\CodeIgniter->handleRequest(NULL, Object(Config\Cache), false)
#3 F:\xampp\htdocs\thewayshop\public\index.php(36): CodeIgniter\CodeIgniter->run()
#4 {main}
CRITICAL - 2021-08-14 05:48:21 --> syntax error, unexpected ')'
#0 F:\xampp\htdocs\thewayshop\system\View\View.php(232): CodeIgniter\View\View->CodeIgniter\View\{closure}()
#1 F:\xampp\htdocs\thewayshop\system\Common.php(1250): CodeIgniter\View\View->render('client/index', Array, true)
#2 F:\xampp\htdocs\thewayshop\app\Controllers\Home.php(17): view('client/index', Array)
#3 F:\xampp\htdocs\thewayshop\system\CodeIgniter.php(931): App\Controllers\Home->index()
#4 F:\xampp\htdocs\thewayshop\system\CodeIgniter.php(439): CodeIgniter\CodeIgniter->runController(Object(App\Controllers\Home))
#5 F:\xampp\htdocs\thewayshop\system\CodeIgniter.php(339): CodeIgniter\CodeIgniter->handleRequest(NULL, Object(Config\Cache), false)
#6 F:\xampp\htdocs\thewayshop\public\index.php(36): CodeIgniter\CodeIgniter->run()
#7 {main}
CRITICAL - 2021-08-14 05:48:23 --> syntax error, unexpected ')'
#0 F:\xampp\htdocs\thewayshop\system\View\View.php(232): CodeIgniter\View\View->CodeIgniter\View\{closure}()
#1 F:\xampp\htdocs\thewayshop\system\Common.php(1250): CodeIgniter\View\View->render('client/index', Array, true)
#2 F:\xampp\htdocs\thewayshop\app\Controllers\Home.php(17): view('client/index', Array)
#3 F:\xampp\htdocs\thewayshop\system\CodeIgniter.php(931): App\Controllers\Home->index()
#4 F:\xampp\htdocs\thewayshop\system\CodeIgniter.php(439): CodeIgniter\CodeIgniter->runController(Object(App\Controllers\Home))
#5 F:\xampp\htdocs\thewayshop\system\CodeIgniter.php(339): CodeIgniter\CodeIgniter->handleRequest(NULL, Object(Config\Cache), false)
#6 F:\xampp\htdocs\thewayshop\public\index.php(36): CodeIgniter\CodeIgniter->run()
#7 {main}
CRITICAL - 2021-08-14 05:48:23 --> syntax error, unexpected ')'
#0 F:\xampp\htdocs\thewayshop\system\View\View.php(232): CodeIgniter\View\View->CodeIgniter\View\{closure}()
#1 F:\xampp\htdocs\thewayshop\system\Common.php(1250): CodeIgniter\View\View->render('client/index', Array, true)
#2 F:\xampp\htdocs\thewayshop\app\Controllers\Home.php(17): view('client/index', Array)
#3 F:\xampp\htdocs\thewayshop\system\CodeIgniter.php(931): App\Controllers\Home->index()
#4 F:\xampp\htdocs\thewayshop\system\CodeIgniter.php(439): CodeIgniter\CodeIgniter->runController(Object(App\Controllers\Home))
#5 F:\xampp\htdocs\thewayshop\system\CodeIgniter.php(339): CodeIgniter\CodeIgniter->handleRequest(NULL, Object(Config\Cache), false)
#6 F:\xampp\htdocs\thewayshop\public\index.php(36): CodeIgniter\CodeIgniter->run()
#7 {main}
CRITICAL - 2021-08-14 05:48:24 --> syntax error, unexpected ')'
#0 F:\xampp\htdocs\thewayshop\system\View\View.php(232): CodeIgniter\View\View->CodeIgniter\View\{closure}()
#1 F:\xampp\htdocs\thewayshop\system\Common.php(1250): CodeIgniter\View\View->render('client/index', Array, true)
#2 F:\xampp\htdocs\thewayshop\app\Controllers\Home.php(17): view('client/index', Array)
#3 F:\xampp\htdocs\thewayshop\system\CodeIgniter.php(931): App\Controllers\Home->index()
#4 F:\xampp\htdocs\thewayshop\system\CodeIgniter.php(439): CodeIgniter\CodeIgniter->runController(Object(App\Controllers\Home))
#5 F:\xampp\htdocs\thewayshop\system\CodeIgniter.php(339): CodeIgniter\CodeIgniter->handleRequest(NULL, Object(Config\Cache), false)
#6 F:\xampp\htdocs\thewayshop\public\index.php(36): CodeIgniter\CodeIgniter->run()
#7 {main}
CRITICAL - 2021-08-14 05:48:24 --> syntax error, unexpected ')'
#0 F:\xampp\htdocs\thewayshop\system\View\View.php(232): CodeIgniter\View\View->CodeIgniter\View\{closure}()
#1 F:\xampp\htdocs\thewayshop\system\Common.php(1250): CodeIgniter\View\View->render('client/index', Array, true)
#2 F:\xampp\htdocs\thewayshop\app\Controllers\Home.php(17): view('client/index', Array)
#3 F:\xampp\htdocs\thewayshop\system\CodeIgniter.php(931): App\Controllers\Home->index()
#4 F:\xampp\htdocs\thewayshop\system\CodeIgniter.php(439): CodeIgniter\CodeIgniter->runController(Object(App\Controllers\Home))
#5 F:\xampp\htdocs\thewayshop\system\CodeIgniter.php(339): CodeIgniter\CodeIgniter->handleRequest(NULL, Object(Config\Cache), false)
#6 F:\xampp\htdocs\thewayshop\public\index.php(36): CodeIgniter\CodeIgniter->run()
#7 {main}
CRITICAL - 2021-08-14 05:48:24 --> syntax error, unexpected ')'
#0 F:\xampp\htdocs\thewayshop\system\View\View.php(232): CodeIgniter\View\View->CodeIgniter\View\{closure}()
#1 F:\xampp\htdocs\thewayshop\system\Common.php(1250): CodeIgniter\View\View->render('client/index', Array, true)
#2 F:\xampp\htdocs\thewayshop\app\Controllers\Home.php(17): view('client/index', Array)
#3 F:\xampp\htdocs\thewayshop\system\CodeIgniter.php(931): App\Controllers\Home->index()
#4 F:\xampp\htdocs\thewayshop\system\CodeIgniter.php(439): CodeIgniter\CodeIgniter->runController(Object(App\Controllers\Home))
#5 F:\xampp\htdocs\thewayshop\system\CodeIgniter.php(339): CodeIgniter\CodeIgniter->handleRequest(NULL, Object(Config\Cache), false)
#6 F:\xampp\htdocs\thewayshop\public\index.php(36): CodeIgniter\CodeIgniter->run()
#7 {main}
CRITICAL - 2021-08-14 05:48:24 --> syntax error, unexpected ')'
#0 F:\xampp\htdocs\thewayshop\system\View\View.php(232): CodeIgniter\View\View->CodeIgniter\View\{closure}()
#1 F:\xampp\htdocs\thewayshop\system\Common.php(1250): CodeIgniter\View\View->render('client/index', Array, true)
#2 F:\xampp\htdocs\thewayshop\app\Controllers\Home.php(17): view('client/index', Array)
#3 F:\xampp\htdocs\thewayshop\system\CodeIgniter.php(931): App\Controllers\Home->index()
#4 F:\xampp\htdocs\thewayshop\system\CodeIgniter.php(439): CodeIgniter\CodeIgniter->runController(Object(App\Controllers\Home))
#5 F:\xampp\htdocs\thewayshop\system\CodeIgniter.php(339): CodeIgniter\CodeIgniter->handleRequest(NULL, Object(Config\Cache), false)
#6 F:\xampp\htdocs\thewayshop\public\index.php(36): CodeIgniter\CodeIgniter->run()
#7 {main}
CRITICAL - 2021-08-14 05:48:24 --> syntax error, unexpected ')'
#0 F:\xampp\htdocs\thewayshop\system\View\View.php(232): CodeIgniter\View\View->CodeIgniter\View\{closure}()
#1 F:\xampp\htdocs\thewayshop\system\Common.php(1250): CodeIgniter\View\View->render('client/index', Array, true)
#2 F:\xampp\htdocs\thewayshop\app\Controllers\Home.php(17): view('client/index', Array)
#3 F:\xampp\htdocs\thewayshop\system\CodeIgniter.php(931): App\Controllers\Home->index()
#4 F:\xampp\htdocs\thewayshop\system\CodeIgniter.php(439): CodeIgniter\CodeIgniter->runController(Object(App\Controllers\Home))
#5 F:\xampp\htdocs\thewayshop\system\CodeIgniter.php(339): CodeIgniter\CodeIgniter->handleRequest(NULL, Object(Config\Cache), false)
#6 F:\xampp\htdocs\thewayshop\public\index.php(36): CodeIgniter\CodeIgniter->run()
#7 {main}
CRITICAL - 2021-08-14 05:48:25 --> syntax error, unexpected ')'
#0 F:\xampp\htdocs\thewayshop\system\View\View.php(232): CodeIgniter\View\View->CodeIgniter\View\{closure}()
#1 F:\xampp\htdocs\thewayshop\system\Common.php(1250): CodeIgniter\View\View->render('client/index', Array, true)
#2 F:\xampp\htdocs\thewayshop\app\Controllers\Home.php(17): view('client/index', Array)
#3 F:\xampp\htdocs\thewayshop\system\CodeIgniter.php(931): App\Controllers\Home->index()
#4 F:\xampp\htdocs\thewayshop\system\CodeIgniter.php(439): CodeIgniter\CodeIgniter->runController(Object(App\Controllers\Home))
#5 F:\xampp\htdocs\thewayshop\system\CodeIgniter.php(339): CodeIgniter\CodeIgniter->handleRequest(NULL, Object(Config\Cache), false)
#6 F:\xampp\htdocs\thewayshop\public\index.php(36): CodeIgniter\CodeIgniter->run()
#7 {main}
CRITICAL - 2021-08-14 13:22:35 --> Invalid argument supplied for foreach()
#0 F:\xampp\htdocs\thewayshop\app\Views\client\index.php(96): CodeIgniter\Debug\Exceptions->errorHandler(2, 'Invalid argumen...', 'F:\\xampp\\htdocs...', 96, Array)
#1 F:\xampp\htdocs\thewayshop\system\View\View.php(230): include('F:\\xampp\\htdocs...')
#2 F:\xampp\htdocs\thewayshop\system\View\View.php(232): CodeIgniter\View\View->CodeIgniter\View\{closure}()
#3 F:\xampp\htdocs\thewayshop\system\Common.php(1250): CodeIgniter\View\View->render('client/index', Array, true)
#4 F:\xampp\htdocs\thewayshop\app\Controllers\Home.php(19): view('client/index', Array)
#5 F:\xampp\htdocs\thewayshop\system\CodeIgniter.php(931): App\Controllers\Home->index()
#6 F:\xampp\htdocs\thewayshop\system\CodeIgniter.php(439): CodeIgniter\CodeIgniter->runController(Object(App\Controllers\Home))
#7 F:\xampp\htdocs\thewayshop\system\CodeIgniter.php(339): CodeIgniter\CodeIgniter->handleRequest(NULL, Object(Config\Cache), false)
#8 F:\xampp\htdocs\thewayshop\public\index.php(36): CodeIgniter\CodeIgniter->run()
#9 {main}
CRITICAL - 2021-08-14 13:22:38 --> Invalid argument supplied for foreach()
#0 F:\xampp\htdocs\thewayshop\app\Views\client\index.php(96): CodeIgniter\Debug\Exceptions->errorHandler(2, 'Invalid argumen...', 'F:\\xampp\\htdocs...', 96, Array)
#1 F:\xampp\htdocs\thewayshop\system\View\View.php(230): include('F:\\xampp\\htdocs...')
#2 F:\xampp\htdocs\thewayshop\system\View\View.php(232): CodeIgniter\View\View->CodeIgniter\View\{closure}()
#3 F:\xampp\htdocs\thewayshop\system\Common.php(1250): CodeIgniter\View\View->render('client/index', Array, true)
#4 F:\xampp\htdocs\thewayshop\app\Controllers\Home.php(19): view('client/index', Array)
#5 F:\xampp\htdocs\thewayshop\system\CodeIgniter.php(931): App\Controllers\Home->index()
#6 F:\xampp\htdocs\thewayshop\system\CodeIgniter.php(439): CodeIgniter\CodeIgniter->runController(Object(App\Controllers\Home))
#7 F:\xampp\htdocs\thewayshop\system\CodeIgniter.php(339): CodeIgniter\CodeIgniter->handleRequest(NULL, Object(Config\Cache), false)
#8 F:\xampp\htdocs\thewayshop\public\index.php(36): CodeIgniter\CodeIgniter->run()
#9 {main}
CRITICAL - 2021-08-14 13:24:51 --> Invalid argument supplied for foreach()
#0 F:\xampp\htdocs\thewayshop\app\Views\client\index.php(96): CodeIgniter\Debug\Exceptions->errorHandler(2, 'Invalid argumen...', 'F:\\xampp\\htdocs...', 96, Array)
#1 F:\xampp\htdocs\thewayshop\system\View\View.php(230): include('F:\\xampp\\htdocs...')
#2 F:\xampp\htdocs\thewayshop\system\View\View.php(232): CodeIgniter\View\View->CodeIgniter\View\{closure}()
#3 F:\xampp\htdocs\thewayshop\system\Common.php(1250): CodeIgniter\View\View->render('client/index', Array, true)
#4 F:\xampp\htdocs\thewayshop\app\Controllers\Home.php(19): view('client/index', Array)
#5 F:\xampp\htdocs\thewayshop\system\CodeIgniter.php(931): App\Controllers\Home->index()
#6 F:\xampp\htdocs\thewayshop\system\CodeIgniter.php(439): CodeIgniter\CodeIgniter->runController(Object(App\Controllers\Home))
#7 F:\xampp\htdocs\thewayshop\system\CodeIgniter.php(339): CodeIgniter\CodeIgniter->handleRequest(NULL, Object(Config\Cache), false)
#8 F:\xampp\htdocs\thewayshop\public\index.php(36): CodeIgniter\CodeIgniter->run()
#9 {main}
CRITICAL - 2021-08-14 13:24:52 --> Invalid argument supplied for foreach()
#0 F:\xampp\htdocs\thewayshop\app\Views\client\index.php(96): CodeIgniter\Debug\Exceptions->errorHandler(2, 'Invalid argumen...', 'F:\\xampp\\htdocs...', 96, Array)
#1 F:\xampp\htdocs\thewayshop\system\View\View.php(230): include('F:\\xampp\\htdocs...')
#2 F:\xampp\htdocs\thewayshop\system\View\View.php(232): CodeIgniter\View\View->CodeIgniter\View\{closure}()
#3 F:\xampp\htdocs\thewayshop\system\Common.php(1250): CodeIgniter\View\View->render('client/index', Array, true)
#4 F:\xampp\htdocs\thewayshop\app\Controllers\Home.php(19): view('client/index', Array)
#5 F:\xampp\htdocs\thewayshop\system\CodeIgniter.php(931): App\Controllers\Home->index()
#6 F:\xampp\htdocs\thewayshop\system\CodeIgniter.php(439): CodeIgniter\CodeIgniter->runController(Object(App\Controllers\Home))
#7 F:\xampp\htdocs\thewayshop\system\CodeIgniter.php(339): CodeIgniter\CodeIgniter->handleRequest(NULL, Object(Config\Cache), false)
#8 F:\xampp\htdocs\thewayshop\public\index.php(36): CodeIgniter\CodeIgniter->run()
#9 {main}
CRITICAL - 2021-08-14 13:24:53 --> Invalid argument supplied for foreach()
#0 F:\xampp\htdocs\thewayshop\app\Views\client\index.php(96): CodeIgniter\Debug\Exceptions->errorHandler(2, 'Invalid argumen...', 'F:\\xampp\\htdocs...', 96, Array)
#1 F:\xampp\htdocs\thewayshop\system\View\View.php(230): include('F:\\xampp\\htdocs...')
#2 F:\xampp\htdocs\thewayshop\system\View\View.php(232): CodeIgniter\View\View->CodeIgniter\View\{closure}()
#3 F:\xampp\htdocs\thewayshop\system\Common.php(1250): CodeIgniter\View\View->render('client/index', Array, true)
#4 F:\xampp\htdocs\thewayshop\app\Controllers\Home.php(19): view('client/index', Array)
#5 F:\xampp\htdocs\thewayshop\system\CodeIgniter.php(931): App\Controllers\Home->index()
#6 F:\xampp\htdocs\thewayshop\system\CodeIgniter.php(439): CodeIgniter\CodeIgniter->runController(Object(App\Controllers\Home))
#7 F:\xampp\htdocs\thewayshop\system\CodeIgniter.php(339): CodeIgniter\CodeIgniter->handleRequest(NULL, Object(Config\Cache), false)
#8 F:\xampp\htdocs\thewayshop\public\index.php(36): CodeIgniter\CodeIgniter->run()
#9 {main}
CRITICAL - 2021-08-14 13:24:53 --> Invalid argument supplied for foreach()
#0 F:\xampp\htdocs\thewayshop\app\Views\client\index.php(96): CodeIgniter\Debug\Exceptions->errorHandler(2, 'Invalid argumen...', 'F:\\xampp\\htdocs...', 96, Array)
#1 F:\xampp\htdocs\thewayshop\system\View\View.php(230): include('F:\\xampp\\htdocs...')
#2 F:\xampp\htdocs\thewayshop\system\View\View.php(232): CodeIgniter\View\View->CodeIgniter\View\{closure}()
#3 F:\xampp\htdocs\thewayshop\system\Common.php(1250): CodeIgniter\View\View->render('client/index', Array, true)
#4 F:\xampp\htdocs\thewayshop\app\Controllers\Home.php(19): view('client/index', Array)
#5 F:\xampp\htdocs\thewayshop\system\CodeIgniter.php(931): App\Controllers\Home->index()
#6 F:\xampp\htdocs\thewayshop\system\CodeIgniter.php(439): CodeIgniter\CodeIgniter->runController(Object(App\Controllers\Home))
#7 F:\xampp\htdocs\thewayshop\system\CodeIgniter.php(339): CodeIgniter\CodeIgniter->handleRequest(NULL, Object(Config\Cache), false)
#8 F:\xampp\htdocs\thewayshop\public\index.php(36): CodeIgniter\CodeIgniter->run()
#9 {main}
CRITICAL - 2021-08-14 13:24:53 --> Invalid argument supplied for foreach()
#0 F:\xampp\htdocs\thewayshop\app\Views\client\index.php(96): CodeIgniter\Debug\Exceptions->errorHandler(2, 'Invalid argumen...', 'F:\\xampp\\htdocs...', 96, Array)
#1 F:\xampp\htdocs\thewayshop\system\View\View.php(230): include('F:\\xampp\\htdocs...')
#2 F:\xampp\htdocs\thewayshop\system\View\View.php(232): CodeIgniter\View\View->CodeIgniter\View\{closure}()
#3 F:\xampp\htdocs\thewayshop\system\Common.php(1250): CodeIgniter\View\View->render('client/index', Array, true)
#4 F:\xampp\htdocs\thewayshop\app\Controllers\Home.php(19): view('client/index', Array)
#5 F:\xampp\htdocs\thewayshop\system\CodeIgniter.php(931): App\Controllers\Home->index()
#6 F:\xampp\htdocs\thewayshop\system\CodeIgniter.php(439): CodeIgniter\CodeIgniter->runController(Object(App\Controllers\Home))
#7 F:\xampp\htdocs\thewayshop\system\CodeIgniter.php(339): CodeIgniter\CodeIgniter->handleRequest(NULL, Object(Config\Cache), false)
#8 F:\xampp\htdocs\thewayshop\public\index.php(36): CodeIgniter\CodeIgniter->run()
#9 {main}
CRITICAL - 2021-08-14 13:24:54 --> Invalid argument supplied for foreach()
#0 F:\xampp\htdocs\thewayshop\app\Views\client\index.php(96): CodeIgniter\Debug\Exceptions->errorHandler(2, 'Invalid argumen...', 'F:\\xampp\\htdocs...', 96, Array)
#1 F:\xampp\htdocs\thewayshop\system\View\View.php(230): include('F:\\xampp\\htdocs...')
#2 F:\xampp\htdocs\thewayshop\system\View\View.php(232): CodeIgniter\View\View->CodeIgniter\View\{closure}()
#3 F:\xampp\htdocs\thewayshop\system\Common.php(1250): CodeIgniter\View\View->render('client/index', Array, true)
#4 F:\xampp\htdocs\thewayshop\app\Controllers\Home.php(19): view('client/index', Array)
#5 F:\xampp\htdocs\thewayshop\system\CodeIgniter.php(931): App\Controllers\Home->index()
#6 F:\xampp\htdocs\thewayshop\system\CodeIgniter.php(439): CodeIgniter\CodeIgniter->runController(Object(App\Controllers\Home))
#7 F:\xampp\htdocs\thewayshop\system\CodeIgniter.php(339): CodeIgniter\CodeIgniter->handleRequest(NULL, Object(Config\Cache), false)
#8 F:\xampp\htdocs\thewayshop\public\index.php(36): CodeIgniter\CodeIgniter->run()
#9 {main}
CRITICAL - 2021-08-14 13:24:54 --> Invalid argument supplied for foreach()
#0 F:\xampp\htdocs\thewayshop\app\Views\client\index.php(96): CodeIgniter\Debug\Exceptions->errorHandler(2, 'Invalid argumen...', 'F:\\xampp\\htdocs...', 96, Array)
#1 F:\xampp\htdocs\thewayshop\system\View\View.php(230): include('F:\\xampp\\htdocs...')
#2 F:\xampp\htdocs\thewayshop\system\View\View.php(232): CodeIgniter\View\View->CodeIgniter\View\{closure}()
#3 F:\xampp\htdocs\thewayshop\system\Common.php(1250): CodeIgniter\View\View->render('client/index', Array, true)
#4 F:\xampp\htdocs\thewayshop\app\Controllers\Home.php(19): view('client/index', Array)
#5 F:\xampp\htdocs\thewayshop\system\CodeIgniter.php(931): App\Controllers\Home->index()
#6 F:\xampp\htdocs\thewayshop\system\CodeIgniter.php(439): CodeIgniter\CodeIgniter->runController(Object(App\Controllers\Home))
#7 F:\xampp\htdocs\thewayshop\system\CodeIgniter.php(339): CodeIgniter\CodeIgniter->handleRequest(NULL, Object(Config\Cache), false)
#8 F:\xampp\htdocs\thewayshop\public\index.php(36): CodeIgniter\CodeIgniter->run()
#9 {main}
CRITICAL - 2021-08-14 13:25:12 --> Invalid argument supplied for foreach()
#0 F:\xampp\htdocs\thewayshop\app\Views\client\index.php(96): CodeIgniter\Debug\Exceptions->errorHandler(2, 'Invalid argumen...', 'F:\\xampp\\htdocs...', 96, Array)
#1 F:\xampp\htdocs\thewayshop\system\View\View.php(230): include('F:\\xampp\\htdocs...')
#2 F:\xampp\htdocs\thewayshop\system\View\View.php(232): CodeIgniter\View\View->CodeIgniter\View\{closure}()
#3 F:\xampp\htdocs\thewayshop\system\Common.php(1250): CodeIgniter\View\View->render('client/index', Array, true)
#4 F:\xampp\htdocs\thewayshop\app\Controllers\Home.php(19): view('client/index', Array)
#5 F:\xampp\htdocs\thewayshop\system\CodeIgniter.php(931): App\Controllers\Home->index()
#6 F:\xampp\htdocs\thewayshop\system\CodeIgniter.php(439): CodeIgniter\CodeIgniter->runController(Object(App\Controllers\Home))
#7 F:\xampp\htdocs\thewayshop\system\CodeIgniter.php(339): CodeIgniter\CodeIgniter->handleRequest(NULL, Object(Config\Cache), false)
#8 F:\xampp\htdocs\thewayshop\public\index.php(36): CodeIgniter\CodeIgniter->run()
#9 {main}
CRITICAL - 2021-08-14 13:25:12 --> Invalid argument supplied for foreach()
#0 F:\xampp\htdocs\thewayshop\app\Views\client\index.php(96): CodeIgniter\Debug\Exceptions->errorHandler(2, 'Invalid argumen...', 'F:\\xampp\\htdocs...', 96, Array)
#1 F:\xampp\htdocs\thewayshop\system\View\View.php(230): include('F:\\xampp\\htdocs...')
#2 F:\xampp\htdocs\thewayshop\system\View\View.php(232): CodeIgniter\View\View->CodeIgniter\View\{closure}()
#3 F:\xampp\htdocs\thewayshop\system\Common.php(1250): CodeIgniter\View\View->render('client/index', Array, true)
#4 F:\xampp\htdocs\thewayshop\app\Controllers\Home.php(19): view('client/index', Array)
#5 F:\xampp\htdocs\thewayshop\system\CodeIgniter.php(931): App\Controllers\Home->index()
#6 F:\xampp\htdocs\thewayshop\system\CodeIgniter.php(439): CodeIgniter\CodeIgniter->runController(Object(App\Controllers\Home))
#7 F:\xampp\htdocs\thewayshop\system\CodeIgniter.php(339): CodeIgniter\CodeIgniter->handleRequest(NULL, Object(Config\Cache), false)
#8 F:\xampp\htdocs\thewayshop\public\index.php(36): CodeIgniter\CodeIgniter->run()
#9 {main}
CRITICAL - 2021-08-14 13:25:13 --> Invalid argument supplied for foreach()
#0 F:\xampp\htdocs\thewayshop\app\Views\client\index.php(96): CodeIgniter\Debug\Exceptions->errorHandler(2, 'Invalid argumen...', 'F:\\xampp\\htdocs...', 96, Array)
#1 F:\xampp\htdocs\thewayshop\system\View\View.php(230): include('F:\\xampp\\htdocs...')
#2 F:\xampp\htdocs\thewayshop\system\View\View.php(232): CodeIgniter\View\View->CodeIgniter\View\{closure}()
#3 F:\xampp\htdocs\thewayshop\system\Common.php(1250): CodeIgniter\View\View->render('client/index', Array, true)
#4 F:\xampp\htdocs\thewayshop\app\Controllers\Home.php(19): view('client/index', Array)
#5 F:\xampp\htdocs\thewayshop\system\CodeIgniter.php(931): App\Controllers\Home->index()
#6 F:\xampp\htdocs\thewayshop\system\CodeIgniter.php(439): CodeIgniter\CodeIgniter->runController(Object(App\Controllers\Home))
#7 F:\xampp\htdocs\thewayshop\system\CodeIgniter.php(339): CodeIgniter\CodeIgniter->handleRequest(NULL, Object(Config\Cache), false)
#8 F:\xampp\htdocs\thewayshop\public\index.php(36): CodeIgniter\CodeIgniter->run()
#9 {main}
CRITICAL - 2021-08-14 13:25:14 --> Invalid argument supplied for foreach()
#0 F:\xampp\htdocs\thewayshop\app\Views\client\index.php(96): CodeIgniter\Debug\Exceptions->errorHandler(2, 'Invalid argumen...', 'F:\\xampp\\htdocs...', 96, Array)
#1 F:\xampp\htdocs\thewayshop\system\View\View.php(230): include('F:\\xampp\\htdocs...')
#2 F:\xampp\htdocs\thewayshop\system\View\View.php(232): CodeIgniter\View\View->CodeIgniter\View\{closure}()
#3 F:\xampp\htdocs\thewayshop\system\Common.php(1250): CodeIgniter\View\View->render('client/index', Array, true)
#4 F:\xampp\htdocs\thewayshop\app\Controllers\Home.php(19): view('client/index', Array)
#5 F:\xampp\htdocs\thewayshop\system\CodeIgniter.php(931): App\Controllers\Home->index()
#6 F:\xampp\htdocs\thewayshop\system\CodeIgniter.php(439): CodeIgniter\CodeIgniter->runController(Object(App\Controllers\Home))
#7 F:\xampp\htdocs\thewayshop\system\CodeIgniter.php(339): CodeIgniter\CodeIgniter->handleRequest(NULL, Object(Config\Cache), false)
#8 F:\xampp\htdocs\thewayshop\public\index.php(36): CodeIgniter\CodeIgniter->run()
#9 {main}
CRITICAL - 2021-08-14 13:25:14 --> Invalid argument supplied for foreach()
#0 F:\xampp\htdocs\thewayshop\app\Views\client\index.php(96): CodeIgniter\Debug\Exceptions->errorHandler(2, 'Invalid argumen...', 'F:\\xampp\\htdocs...', 96, Array)
#1 F:\xampp\htdocs\thewayshop\system\View\View.php(230): include('F:\\xampp\\htdocs...')
#2 F:\xampp\htdocs\thewayshop\system\View\View.php(232): CodeIgniter\View\View->CodeIgniter\View\{closure}()
#3 F:\xampp\htdocs\thewayshop\system\Common.php(1250): CodeIgniter\View\View->render('client/index', Array, true)
#4 F:\xampp\htdocs\thewayshop\app\Controllers\Home.php(19): view('client/index', Array)
#5 F:\xampp\htdocs\thewayshop\system\CodeIgniter.php(931): App\Controllers\Home->index()
#6 F:\xampp\htdocs\thewayshop\system\CodeIgniter.php(439): CodeIgniter\CodeIgniter->runController(Object(App\Controllers\Home))
#7 F:\xampp\htdocs\thewayshop\system\CodeIgniter.php(339): CodeIgniter\CodeIgniter->handleRequest(NULL, Object(Config\Cache), false)
#8 F:\xampp\htdocs\thewayshop\public\index.php(36): CodeIgniter\CodeIgniter->run()
#9 {main}
CRITICAL - 2021-08-14 13:25:14 --> Invalid argument supplied for foreach()
#0 F:\xampp\htdocs\thewayshop\app\Views\client\index.php(96): CodeIgniter\Debug\Exceptions->errorHandler(2, 'Invalid argumen...', 'F:\\xampp\\htdocs...', 96, Array)
#1 F:\xampp\htdocs\thewayshop\system\View\View.php(230): include('F:\\xampp\\htdocs...')
#2 F:\xampp\htdocs\thewayshop\system\View\View.php(232): CodeIgniter\View\View->CodeIgniter\View\{closure}()
#3 F:\xampp\htdocs\thewayshop\system\Common.php(1250): CodeIgniter\View\View->render('client/index', Array, true)
#4 F:\xampp\htdocs\thewayshop\app\Controllers\Home.php(19): view('client/index', Array)
#5 F:\xampp\htdocs\thewayshop\system\CodeIgniter.php(931): App\Controllers\Home->index()
#6 F:\xampp\htdocs\thewayshop\system\CodeIgniter.php(439): CodeIgniter\CodeIgniter->runController(Object(App\Controllers\Home))
#7 F:\xampp\htdocs\thewayshop\system\CodeIgniter.php(339): CodeIgniter\CodeIgniter->handleRequest(NULL, Object(Config\Cache), false)
#8 F:\xampp\htdocs\thewayshop\public\index.php(36): CodeIgniter\CodeIgniter->run()
#9 {main}
CRITICAL - 2021-08-14 13:25:14 --> Invalid argument supplied for foreach()
#0 F:\xampp\htdocs\thewayshop\app\Views\client\index.php(96): CodeIgniter\Debug\Exceptions->errorHandler(2, 'Invalid argumen...', 'F:\\xampp\\htdocs...', 96, Array)
#1 F:\xampp\htdocs\thewayshop\system\View\View.php(230): include('F:\\xampp\\htdocs...')
#2 F:\xampp\htdocs\thewayshop\system\View\View.php(232): CodeIgniter\View\View->CodeIgniter\View\{closure}()
#3 F:\xampp\htdocs\thewayshop\system\Common.php(1250): CodeIgniter\View\View->render('client/index', Array, true)
#4 F:\xampp\htdocs\thewayshop\app\Controllers\Home.php(19): view('client/index', Array)
#5 F:\xampp\htdocs\thewayshop\system\CodeIgniter.php(931): App\Controllers\Home->index()
#6 F:\xampp\htdocs\thewayshop\system\CodeIgniter.php(439): CodeIgniter\CodeIgniter->runController(Object(App\Controllers\Home))
#7 F:\xampp\htdocs\thewayshop\system\CodeIgniter.php(339): CodeIgniter\CodeIgniter->handleRequest(NULL, Object(Config\Cache), false)
#8 F:\xampp\htdocs\thewayshop\public\index.php(36): CodeIgniter\CodeIgniter->run()
#9 {main}
CRITICAL - 2021-08-14 13:25:14 --> Invalid argument supplied for foreach()
#0 F:\xampp\htdocs\thewayshop\app\Views\client\index.php(96): CodeIgniter\Debug\Exceptions->errorHandler(2, 'Invalid argumen...', 'F:\\xampp\\htdocs...', 96, Array)
#1 F:\xampp\htdocs\thewayshop\system\View\View.php(230): include('F:\\xampp\\htdocs...')
#2 F:\xampp\htdocs\thewayshop\system\View\View.php(232): CodeIgniter\View\View->CodeIgniter\View\{closure}()
#3 F:\xampp\htdocs\thewayshop\system\Common.php(1250): CodeIgniter\View\View->render('client/index', Array, true)
#4 F:\xampp\htdocs\thewayshop\app\Controllers\Home.php(19): view('client/index', Array)
#5 F:\xampp\htdocs\thewayshop\system\CodeIgniter.php(931): App\Controllers\Home->index()
#6 F:\xampp\htdocs\thewayshop\system\CodeIgniter.php(439): CodeIgniter\CodeIgniter->runController(Object(App\Controllers\Home))
#7 F:\xampp\htdocs\thewayshop\system\CodeIgniter.php(339): CodeIgniter\CodeIgniter->handleRequest(NULL, Object(Config\Cache), false)
#8 F:\xampp\htdocs\thewayshop\public\index.php(36): CodeIgniter\CodeIgniter->run()
#9 {main}
CRITICAL - 2021-08-14 13:25:15 --> Invalid argument supplied for foreach()
#0 F:\xampp\htdocs\thewayshop\app\Views\client\index.php(96): CodeIgniter\Debug\Exceptions->errorHandler(2, 'Invalid argumen...', 'F:\\xampp\\htdocs...', 96, Array)
#1 F:\xampp\htdocs\thewayshop\system\View\View.php(230): include('F:\\xampp\\htdocs...')
#2 F:\xampp\htdocs\thewayshop\system\View\View.php(232): CodeIgniter\View\View->CodeIgniter\View\{closure}()
#3 F:\xampp\htdocs\thewayshop\system\Common.php(1250): CodeIgniter\View\View->render('client/index', Array, true)
#4 F:\xampp\htdocs\thewayshop\app\Controllers\Home.php(19): view('client/index', Array)
#5 F:\xampp\htdocs\thewayshop\system\CodeIgniter.php(931): App\Controllers\Home->index()
#6 F:\xampp\htdocs\thewayshop\system\CodeIgniter.php(439): CodeIgniter\CodeIgniter->runController(Object(App\Controllers\Home))
#7 F:\xampp\htdocs\thewayshop\system\CodeIgniter.php(339): CodeIgniter\CodeIgniter->handleRequest(NULL, Object(Config\Cache), false)
#8 F:\xampp\htdocs\thewayshop\public\index.php(36): CodeIgniter\CodeIgniter->run()
#9 {main}
CRITICAL - 2021-08-14 13:25:15 --> Invalid argument supplied for foreach()
#0 F:\xampp\htdocs\thewayshop\app\Views\client\index.php(96): CodeIgniter\Debug\Exceptions->errorHandler(2, 'Invalid argumen...', 'F:\\xampp\\htdocs...', 96, Array)
#1 F:\xampp\htdocs\thewayshop\system\View\View.php(230): include('F:\\xampp\\htdocs...')
#2 F:\xampp\htdocs\thewayshop\system\View\View.php(232): CodeIgniter\View\View->CodeIgniter\View\{closure}()
#3 F:\xampp\htdocs\thewayshop\system\Common.php(1250): CodeIgniter\View\View->render('client/index', Array, true)
#4 F:\xampp\htdocs\thewayshop\app\Controllers\Home.php(19): view('client/index', Array)
#5 F:\xampp\htdocs\thewayshop\system\CodeIgniter.php(931): App\Controllers\Home->index()
#6 F:\xampp\htdocs\thewayshop\system\CodeIgniter.php(439): CodeIgniter\CodeIgniter->runController(Object(App\Controllers\Home))
#7 F:\xampp\htdocs\thewayshop\system\CodeIgniter.php(339): CodeIgniter\CodeIgniter->handleRequest(NULL, Object(Config\Cache), false)
#8 F:\xampp\htdocs\thewayshop\public\index.php(36): CodeIgniter\CodeIgniter->run()
#9 {main}
CRITICAL - 2021-08-14 13:25:15 --> Invalid argument supplied for foreach()
#0 F:\xampp\htdocs\thewayshop\app\Views\client\index.php(96): CodeIgniter\Debug\Exceptions->errorHandler(2, 'Invalid argumen...', 'F:\\xampp\\htdocs...', 96, Array)
#1 F:\xampp\htdocs\thewayshop\system\View\View.php(230): include('F:\\xampp\\htdocs...')
#2 F:\xampp\htdocs\thewayshop\system\View\View.php(232): CodeIgniter\View\View->CodeIgniter\View\{closure}()
#3 F:\xampp\htdocs\thewayshop\system\Common.php(1250): CodeIgniter\View\View->render('client/index', Array, true)
#4 F:\xampp\htdocs\thewayshop\app\Controllers\Home.php(19): view('client/index', Array)
#5 F:\xampp\htdocs\thewayshop\system\CodeIgniter.php(931): App\Controllers\Home->index()
#6 F:\xampp\htdocs\thewayshop\system\CodeIgniter.php(439): CodeIgniter\CodeIgniter->runController(Object(App\Controllers\Home))
#7 F:\xampp\htdocs\thewayshop\system\CodeIgniter.php(339): CodeIgniter\CodeIgniter->handleRequest(NULL, Object(Config\Cache), false)
#8 F:\xampp\htdocs\thewayshop\public\index.php(36): CodeIgniter\CodeIgniter->run()
#9 {main}
