CRITICAL - 2021-08-26 05:26:46 --> unlink(F:\xampp\htdocs\thewayshop\writable\debugbar/debugbar_1629957580.json): No such file or directory
#0 [internal function]: CodeIgniter\Debug\Exceptions->errorHandler(2, 'unlink(F:\\xampp...', 'F:\\xampp\\htdocs...', 78, Array)
#1 F:\xampp\htdocs\thewayshop\system\Debug\Toolbar\Collectors\History.php(78): unlink('F:\\xampp\\htdocs...')
#2 F:\xampp\htdocs\thewayshop\system\Debug\Toolbar.php(480): CodeIgniter\Debug\Toolbar\Collectors\History->setFiles(1629973605, 20)
#3 F:\xampp\htdocs\thewayshop\system\Debug\Toolbar.php(452): CodeIgniter\Debug\Toolbar->format(Array, 'html')
#4 F:\xampp\htdocs\thewayshop\app\Config\Events.php(52): CodeIgniter\Debug\Toolbar->respond()
#5 [internal function]: CodeIgniter\Events\Events::Config\{closure}()
#6 F:\xampp\htdocs\thewayshop\system\Events\Events.php(166): call_user_func(Object(Closure))
#7 F:\xampp\htdocs\thewayshop\system\CodeIgniter.php(319): CodeIgniter\Events\Events::trigger('pre_system')
#8 F:\xampp\htdocs\thewayshop\public\index.php(36): CodeIgniter\CodeIgniter->run()
#9 {main}
CRITICAL - 2021-08-26 08:00:50 --> unlink(F:\xampp\htdocs\thewayshop\writable\debugbar/debugbar_1629979955.json): No such file or directory
#0 [internal function]: CodeIgniter\Debug\Exceptions->errorHandler(2, 'unlink(F:\\xampp...', 'F:\\xampp\\htdocs...', 78, Array)
#1 F:\xampp\htdocs\thewayshop\system\Debug\Toolbar\Collectors\History.php(78): unlink('F:\\xampp\\htdocs...')
#2 F:\xampp\htdocs\thewayshop\system\Debug\Toolbar.php(480): CodeIgniter\Debug\Toolbar\Collectors\History->setFiles(1629982848, 20)
#3 F:\xampp\htdocs\thewayshop\system\Debug\Toolbar.php(452): CodeIgniter\Debug\Toolbar->format(Array, 'html')
#4 F:\xampp\htdocs\thewayshop\app\Config\Events.php(52): CodeIgniter\Debug\Toolbar->respond()
#5 [internal function]: CodeIgniter\Events\Events::Config\{closure}()
#6 F:\xampp\htdocs\thewayshop\system\Events\Events.php(166): call_user_func(Object(Closure))
#7 F:\xampp\htdocs\thewayshop\system\CodeIgniter.php(319): CodeIgniter\Events\Events::trigger('pre_system')
#8 F:\xampp\htdocs\thewayshop\public\index.php(36): CodeIgniter\CodeIgniter->run()
#9 {main}
